Running: D:\DesktopApps\Xilinx_ISE\14.5\ISE_DS\ISE\bin\nt64\unwrapped\fuse.exe -intstyle ise -incremental -lib unisims_ver -lib unimacro_ver -lib xilinxcorelib_ver -lib secureip -o D:/DesktopApps/Xilinx_ISE/Workspace/MooreSequenceDetectorCB/test_isim_beh.exe -prj D:/DesktopApps/Xilinx_ISE/Workspace/MooreSequenceDetectorCB/test_beh.prj work.test work.glbl 
ISim P.58f (signature 0x7708f090)
Number of CPUs detected in this system: 4
Turning on mult-threading, number of parallel sub-compilation jobs: 8 
Determining compilation order of HDL files
Analyzing Verilog file "D:/DesktopApps/Xilinx_ISE/Workspace/MooreSequenceDetectorCB/MooreSequenceDetectorCB.v" into library work
Analyzing Verilog file "D:/DesktopApps/Xilinx_ISE/Workspace/MooreSequenceDetectorCB/test.v" into library work
Analyzing Verilog file "D:/DesktopApps/Xilinx_ISE/14.5/ISE_DS/ISE//verilog/src/glbl.v" into library work
Starting static elaboration
Completed static elaboration
Compiling module DFF
Compiling module MooreSequenceDetectorCB
Compiling module test
Compiling module glbl
Time Resolution for simulation is 1ps.
Waiting for 1 sub-compilation(s) to finish...
Compiled 4 Verilog Units
Built simulation executable D:/DesktopApps/Xilinx_ISE/Workspace/MooreSequenceDetectorCB/test_isim_beh.exe
Fuse Memory Usage: 27420 KB
Fuse CPU Usage: 639 ms
