Running: D:\DesktopApps\Xilinx_ISE\14.5\ISE_DS\ISE\bin\nt\unwrapped\fuse.exe -intstyle ise -incremental -lib unisims_ver -lib unimacro_ver -lib xilinxcorelib_ver -lib secureip -o D:/DesktopApps/Xilinx_ISE/Workspace/JK_FF/test_isim_beh.exe -prj D:/DesktopApps/Xilinx_ISE/Workspace/JK_FF/test_beh.prj work.test work.glbl 
ISim P.58f (signature 0x8ef4fb42)
Number of CPUs detected in this system: 4
Turning on mult-threading, number of parallel sub-compilation jobs: 8 
Determining compilation order of HDL files
Analyzing Verilog file "D:/DesktopApps/Xilinx_ISE/Workspace/JK_FF/JK_FF.v" into library work
Analyzing Verilog file "D:/DesktopApps/Xilinx_ISE/Workspace/JK_FF/test.v" into library work
Analyzing Verilog file "D:/DesktopApps/Xilinx_ISE/14.5/ISE_DS/ISE//verilog/src/glbl.v" into library work
Starting static elaboration
Completed static elaboration
Fuse Memory Usage: 160612 KB
Fuse CPU Usage: 343 ms
Compiling module JK_FF
Compiling module test
Compiling module glbl
Time Resolution for simulation is 1ps.
Waiting for 1 sub-compilation(s) to finish...
Compiled 3 Verilog Units
Built simulation executable D:/DesktopApps/Xilinx_ISE/Workspace/JK_FF/test_isim_beh.exe
Fuse Memory Usage: 167064 KB
Fuse CPU Usage: 359 ms
